<?xml version="1.0" encoding="UTF-8"?>
<!-- Generated by org.testng.reporters.JUnitReportReporter -->
<testsuite hostname="nova-PC" name="com.webirrse.code.demo.loginTestAssert" tests="1" failures="0" timestamp="1 Jun 2017 08:57:05 GMT" time="108.052" errors="0">
  <testcase name="testloginname" time="108.052" classname="com.webirrse.code.demo.loginTestAssert"/>
</testsuite> <!-- com.webirrse.code.demo.loginTestAssert -->
