<?xml version="1.0" encoding="UTF-8"?>
<!-- Generated by org.testng.reporters.JUnitReportReporter -->
<testsuite hostname="nova-PC" name="com.webirrse.code.demo.userTestAssert" tests="1" failures="0" timestamp="27 May 2017 08:28:55 GMT" time="40.195" errors="0">
  <testcase name="adddept" time="40.195" classname="com.webirrse.code.demo.userTestAssert"/>
</testsuite> <!-- com.webirrse.code.demo.userTestAssert -->
