<?xml version="1.0" encoding="UTF-8"?>
<!-- Generated by org.testng.reporters.JUnitReportReporter -->
<testsuite hostname="nova-PC" name="loginTest" tests="1" failures="0" timestamp="4 Jun 2019 14:41:33 GMT" time="28.021" errors="0">
  <testcase name="testbaidutitle" time="28.021" classname="loginTest"/>
</testsuite> <!-- loginTest -->
