<?xml version="1.0" encoding="UTF-8"?>
<!-- Generated by org.testng.reporters.JUnitReportReporter -->
<testsuite hostname="nova-PC" name="com.webirrse.code.demo.TestMysql" tests="1" failures="0" timestamp="2 Jun 2017 03:19:39 GMT" time="20.180" errors="0">
  <testcase name="testmysql" time="20.180" classname="com.webirrse.code.demo.TestMysql"/>
</testsuite> <!-- com.webirrse.code.demo.TestMysql -->
