<?xml version="1.0" encoding="UTF-8"?>
<!-- Generated by org.testng.reporters.JUnitReportReporter -->
<testsuite hostname="nova-PC" name="com.webirrse.code.demo.CalculateExcelTest" tests="1" failures="0" timestamp="31 May 2017 02:17:09 GMT" time="45.170" errors="0">
  <testcase name="TestCal" time="45.170" classname="com.webirrse.code.demo.CalculateExcelTest"/>
</testsuite> <!-- com.webirrse.code.demo.CalculateExcelTest -->
