<?xml version="1.0" encoding="UTF-8"?>
<!-- Generated by org.testng.reporters.JUnitReportReporter -->
<testsuite hostname="nova-PC" name="loginTestAssert" tests="1" failures="0" timestamp="4 Jun 2019 14:19:00 GMT" time="15.372" errors="0">
  <testcase name="testbaidutitle" time="15.372" classname="loginTestAssert"/>
</testsuite> <!-- loginTestAssert -->
