<?xml version="1.0" encoding="UTF-8"?>
<!-- Generated by org.testng.reporters.JUnitReportReporter -->
<testsuite hostname="nova-PC" name="com.webirrse.code.demo.divtable" tests="1" failures="0" timestamp="26 Jun 2017 08:16:10 GMT" time="69.598" errors="0">
  <testcase name="IRR_YWCL_OR02_INPut" time="69.598" classname="com.webirrse.code.demo.divtable"/>
</testsuite> <!-- com.webirrse.code.demo.divtable -->
