<?xml version="1.0" encoding="UTF-8"?>
<!-- Generated by org.testng.reporters.JUnitReportReporter -->
<testsuite hostname="nova-PC" name="com.webirrse.testcode.deletefile.IRR_YWCL_OR04_delete" tests="1" failures="0" timestamp="15 Jun 2017 09:09:52 GMT" time="10.005" errors="0">
  <testcase name="deletefile" time="10.005" classname="com.webirrse.testcode.deletefile.IRR_YWCL_OR04_delete"/>
</testsuite> <!-- com.webirrse.testcode.deletefile.IRR_YWCL_OR04_delete -->
