<?xml version="1.0" encoding="UTF-8"?>
<!-- Generated by org.testng.reporters.JUnitReportReporter -->
<testsuite hostname="nova-PC" name="com.webirrse.code.demo.IRR_YWCL_OR02" tests="1" failures="0" timestamp="12 Jun 2017 03:37:13 GMT" time="12.649" errors="0">
  <testcase name="IRR_YWCL_OR02_INPut" time="12.649" classname="com.webirrse.code.demo.IRR_YWCL_OR02"/>
</testsuite> <!-- com.webirrse.code.demo.IRR_YWCL_OR02 -->
