<?xml version="1.0" encoding="UTF-8"?>
<!-- Generated by org.testng.reporters.JUnitReportReporter -->
<testsuite hostname="nova-PC" name="com.webirrse.code.demo.Deletef" tests="2" failures="0" timestamp="15 Jun 2017 09:20:04 GMT" time="11.025" errors="0">
  <testcase name="glclzl_lz" time="0.946" classname="com.webirrse.code.demo.Deletef"/>
  <testcase name="zzzeletefile" time="10.079" classname="com.webirrse.code.demo.Deletef"/>
</testsuite> <!-- com.webirrse.code.demo.Deletef -->
