<?xml version="1.0" encoding="UTF-8"?>
<!-- Generated by org.testng.reporters.JUnitReportReporter -->
<testsuite hostname="nova-PC" name="com.webirrse.code.demo.DemoNew1" tests="3" failures="0" timestamp="16 Jun 2017 02:33:24 GMT" time="0.018" errors="2">
  <testcase name="testAssert3" time="0.016" classname="com.webirrse.code.demo.DemoNew1">
    <error type="java.lang.Throwable">
      <![CDATA[java.lang.Throwable
	at message : 比较两个数是否相等： expected [3] but found [2] in method : .testAssert3(DemoNew1:13)
	at com.webirrse.code.demo.DemoNew1.testAssert3(DemoNew1.java:13)
	at message : 比较两个数是否相等： expected [2] but found [1] in method : .testAssert3(DemoNew1:14)
	at com.webirrse.code.demo.DemoNew1.testAssert3(DemoNew1.java:14)
]]>
    </error>
  </testcase> <!-- testAssert3 -->
  <testcase name="testAssert4" time="0.001" classname="com.webirrse.code.demo.DemoNew1">
    <error type="java.lang.Throwable">
      <![CDATA[java.lang.Throwable
	at message : 比较两个数是否相等： expected [3] but found [4] in method : .testAssert4(DemoNew1:19)
	at com.webirrse.code.demo.DemoNew1.testAssert4(DemoNew1.java:19)
]]>
    </error>
  </testcase> <!-- testAssert4 -->
  <testcase name="testAssert5" time="0.001" classname="com.webirrse.code.demo.DemoNew1"/>
</testsuite> <!-- com.webirrse.code.demo.DemoNew1 -->
